<?xml version="1.0" encoding="UTF-8"?>
<!-- Generated by org.testng.reporters.JUnitXMLReporter -->
<testsuite hostname="LAPTOP-NUE1PJR8" ignored="0" name="LoginTest" tests="6" failures="2" timestamp="04 Oct 2022 11:33:06 GMT" time="62.81" errors="0">
  <testcase name="varifyEmailBySymbol" time="0.211" classname="loginpgtest.LoginPgTest"/>
  <testcase name="varifyEmailByExtn" time="0.265" classname="loginpgtest.LoginPgTest"/>
  <testcase name="varifyPasswordByUpCase" time="0.225" classname="loginpgtest.LoginPgTest">
    <failure type="java.lang.AssertionError" message="expected [true] but found [false]">
      <![CDATA[java.lang.AssertionError: expected [true] but found [false]
at loginpgtest.LoginPgTest.varifyPasswordByUpCase(LoginPgTest.java:64)
... Removed 29 stack frames]]>
    </failure>
  </testcase> <!-- varifyPasswordByUpCase -->
  <testcase name="varifyPasswordByLowCase" time="0.29" classname="loginpgtest.LoginPgTest">
    <failure type="java.lang.AssertionError" message="expected [true] but found [false]">
      <![CDATA[java.lang.AssertionError: expected [true] but found [false]
at loginpgtest.LoginPgTest.varifyPasswordByLowCase(LoginPgTest.java:75)
... Removed 29 stack frames]]>
    </failure>
  </testcase> <!-- varifyPasswordByLowCase -->
  <testcase name="varifyPasswordByDigits" time="0.101" classname="loginpgtest.LoginPgTest"/>
  <testcase name="varifyNewPgLoad" time="2.43" classname="loginpgtest.LoginPgTest"/>
</testsuite> <!-- LoginTest -->
